<?xml version="1.0" encoding="UTF-8"?>
<testsuites name="jest tests" tests="9" failures="0" errors="0" time="2.31">
  <testsuite name="undefined" errors="0" failures="0" skipped="0" timestamp="2025-11-12T09:48:22" time="0.988" tests="1">
    <testcase classname=" renders home title" name=" renders home title" time="0.161">
    </testcase>
  </testsuite>
  <testsuite name="Home grid and search filter" errors="0" failures="0" skipped="0" timestamp="2025-11-12T09:48:23" time="0.337" tests="3">
    <testcase classname="Home grid and search filter renders game tiles after loading" name="Home grid and search filter renders game tiles after loading" time="0.093">
    </testcase>
    <testcase classname="Home grid and search filter filters games using SearchBar input" name="Home grid and search filter filters games using SearchBar input" time="0.057">
    </testcase>
    <testcase classname="Home grid and search filter category filter pills work together with search" name="Home grid and search filter category filter pills work together with search" time="0.053">
    </testcase>
  </testsuite>
  <testsuite name="Routing" errors="0" failures="0" skipped="0" timestamp="2025-11-12T09:48:24" time="0.243" tests="3">
    <testcase classname="Routing renders Home on root path &quot;/&quot;" name="Routing renders Home on root path &quot;/&quot;" time="0.03">
    </testcase>
    <testcase classname="Routing renders GameDetails shell on /games/:id" name="Routing renders GameDetails shell on /games/:id" time="0.051">
    </testcase>
    <testcase classname="Routing renders NotFound on unknown route" name="Routing renders NotFound on unknown route" time="0.027">
    </testcase>
  </testsuite>
  <testsuite name="Theme toggle" errors="0" failures="0" skipped="0" timestamp="2025-11-12T09:48:24" time="0.189" tests="2">
    <testcase classname="Theme toggle toggles theme and persists to localStorage" name="Theme toggle toggles theme and persists to localStorage" time="0.052">
    </testcase>
    <testcase classname="Theme toggle reads persisted theme from localStorage on mount" name="Theme toggle reads persisted theme from localStorage on mount" time="0.022">
    </testcase>
  </testsuite>
</testsuites>