<?xml version="1.0" encoding="UTF-8"?>
<testsuites name="jest tests" tests="9" failures="1" errors="0" time="2.524">
  <testsuite name="undefined" errors="0" failures="1" skipped="0" timestamp="2025-11-12T09:47:00" time="1.546" tests="1">
    <testcase classname=" renders home title" name=" renders home title" time="0.115">
      <failure>TestingLibraryElementError: Found multiple elements with the text: /games/i

Here are the matching elements:

Ignored nodes: comments, script, style
&lt;strong
  style=&quot;font-size: 18px;&quot;
&gt;
  games
&lt;/strong&gt;

Ignored nodes: comments, script, style
&lt;h1
  class=&quot;page-title&quot;
  id=&quot;page-title&quot;
&gt;
  games
&lt;/h1&gt;

Ignored nodes: comments, script, style
&lt;p
  style=&quot;margin-top: 0.25rem;&quot;
&gt;
  Discover and explore featured games.
&lt;/p&gt;

Ignored nodes: comments, script, style
&lt;div&gt;
  © 
  2025
   Games UI. All rights reserved.
&lt;/div&gt;

(If this is intentional, then use the `*AllBy*` variant of the query (like `queryAllByText`, `getAllByText`, or `findAllByText`)).

Ignored nodes: comments, script, style
&lt;body&gt;
  &lt;div&gt;
    &lt;div
      style=&quot;min-height: 100dvh; display: flex; flex-direction: column;&quot;
    &gt;
      &lt;nav
        aria-label=&quot;Primary&quot;
        class=&quot;navbar&quot;
        role=&quot;navigation&quot;
      &gt;
        &lt;div
          class=&quot;container navbar-inner&quot;
        &gt;
          &lt;a
            aria-label=&quot;Games Home&quot;
            class=&quot;nav-brand&quot;
            href=&quot;/&quot;
          &gt;
            &lt;div
              style=&quot;display: flex; align-items: center; gap: 0.5rem;&quot;
            &gt;
              &lt;img
                alt=&quot;&quot;
                height=&quot;28&quot;
                src=&quot;logo.svg&quot;
                width=&quot;28&quot;
              /&gt;
              &lt;strong
                style=&quot;font-size: 18px;&quot;
              &gt;
                games
              &lt;/strong&gt;
            &lt;/div&gt;
          &lt;/a&gt;
          &lt;div
            class=&quot;nav-links&quot;
          &gt;
            &lt;a
              aria-current=&quot;page&quot;
              class=&quot;nav-link active&quot;
              href=&quot;/&quot;
            &gt;
              Home
            &lt;/a&gt;
            &lt;a
              class=&quot;nav-link&quot;
              href=&quot;#about&quot;
            &gt;
              About
            &lt;/a&gt;
            &lt;button
              aria-label=&quot;Switch to dark theme&quot;
              class=&quot;btn btn-ghost&quot;
              title=&quot;Toggle theme&quot;
            &gt;
              🌙
              &lt;span&gt;
                Dark
              &lt;/span&gt;
            &lt;/button&gt;
          &lt;/div&gt;
        &lt;/div&gt;
      &lt;/nav&gt;
      &lt;main
        class=&quot;container&quot;
        id=&quot;main&quot;
        style=&quot;flex: 1; width: 100%;&quot;
      &gt;
        &lt;section
          aria-labelledby=&quot;page-title&quot;
        &gt;
          &lt;header
            class=&quot;page-header&quot;
          &gt;
            &lt;h1
              class=&quot;page-title&quot;
              id=&quot;page-title&quot;
            &gt;
              games
            &lt;/h1&gt;
            &lt;p
              style=&quot;margin-top: 0.25rem;&quot;
            &gt;
              Discover and explore featured games.
            &lt;/p&gt;
          &lt;/header&gt;
          &lt;div
            class=&quot;main-surface&quot;
            style=&quot;padding: 1rem;&quot;
          &gt;
            &lt;div
              style=&quot;display: flex; gap: 1rem; flex-wrap: wrap; align-items: center; margin-bottom: 1rem;&quot;
            &gt;
              &lt;div
                aria-label=&quot;Site&quot;
                role=&quot;search&quot;
              &gt;
                &lt;label
                  class=&quot;hidden&quot;
                  for=&quot;search-input&quot;
                &gt;
                  Search
                &lt;/label&gt;
                &lt;div
                  style=&quot;position: relative;&quot;
                &gt;
                  &lt;div
                    aria-hidden=&quot;true&quot;
                    style=&quot;position: absolute; inset-inline-start: 10px; inset-block-start: 50%; transform: translateY(-50%);&quot;
                  &gt;
                    🔎
                  &lt;/div&gt;
                  &lt;input
                    class=&quot;input&quot;
                    id=&quot;search-input&quot;
                    inputmode=&quot;search&quot;
                    placeholder=&quot;Search games…&quot;
                    style=&quot;padding-inline-start: 36px;&quot;
                    type=&quot;search&quot;
                    value=&quot;&quot;
                  /&gt;
                &lt;/div&gt;
              &lt;/div&gt;
              &lt;div
                aria-label=&quot;Categories&quot;
                role=&quot;tablist&quot;
                style=&quot;display: flex; gap: 0.5rem; flex-wrap: wrap;&quot;
              &gt;
                &lt;button
                  aria-selected=&quot;true&quot;
                  class=&quot;pill btn&quot;
                  role=&quot;tab&quot;
                  style=&quot;cursor: pointer;&quot;
                &gt;
                  All
                &lt;/button&gt;
                &lt;button
                  aria-selected=&quot;false&quot;
                  class=&quot;pill&quot;
                  role=&quot;tab&quot;
                  style=&quot;cursor: pointer;&quot;
                &gt;
                  Strategy
                &lt;/button&gt;
                &lt;button
                  aria-selected=&quot;false&quot;
                  class=&quot;pill&quot;
                  role=&quot;tab&quot;
                  style=&quot;cursor: pointer;&quot;
                &gt;
                  Arcade
                &lt;/button&gt;
                &lt;button
                  aria-selected=&quot;false&quot;
                  class=&quot;pill&quot;
                  role=&quot;tab&quot;
                  style=&quot;cursor: pointer;&quot;
                &gt;
                  Puzzle
                &lt;/button&gt;
                &lt;button
                  aria-selected=&quot;false&quot;
                  class=&quot;pill&quot;
                  role=&quot;tab&quot;
                  style=&quot;cursor: pointer;&quot;
                &gt;
                  Adventure
                &lt;/button&gt;
              &lt;/div&gt;
            &lt;/div&gt;
            &lt;div
              class=&quot;grid cards&quot;
            &gt;
              &lt;div
                aria-busy=&quot;true&quot;
                class=&quot;tile&quot;
                style=&quot;height: 220px;&quot;
              /&gt;
              &lt;div
                aria-busy=&quot;true&quot;
                class=&quot;tile&quot;
                style=&quot;height: 220px;&quot;
              /&gt;
              &lt;div
                aria-busy=&quot;true&quot;
                class=&quot;tile&quot;
                style=&quot;height: 220px;&quot;
              /&gt;
              &lt;div
                aria-busy=&quot;true&quot;
                class=&quot;tile&quot;
                style=&quot;height: 220px;&quot;
              /&gt;
              &lt;div
                aria-busy=&quot;true&quot;
                class=&quot;tile&quot;
                style=&quot;height: 220px;&quot;
              /&gt;
              &lt;div
                aria-busy=&quot;true&quot;
                class=&quot;tile&quot;
                style=&quot;height: 220px;&quot;
              /&gt;
              &lt;div
                aria-busy=&quot;true&quot;
                class=&quot;tile&quot;
                style=&quot;height: 220px;&quot;
              /&gt;
              &lt;div
                aria-busy=&quot;true&quot;
                class=&quot;tile&quot;
                style=&quot;height: 220px;&quot;
              /&gt;
            &lt;/div&gt;
          &lt;/div&gt;
        &lt;/section&gt;
      &lt;/main&gt;
      &lt;footer
        class=&quot;footer&quot;
        role=&quot;contentinfo&quot;
      &gt;
        &lt;div
          class=&quot;container&quot;
          style=&quot;display: flex; gap: 1rem; justify-content: space-between; align-items: center;&quot;
        &gt;
          &lt;div&gt;
            © 
            2025
             Games UI. All rights reserved.
          &lt;/div&gt;
          &lt;nav
            aria-label=&quot;Footer&quot;
          &gt;
            &lt;a
              class=&quot;nav-link&quot;
              href=&quot;#privacy&quot;
            &gt;
              Privacy
            &lt;/a&gt;
            &lt;a
              class=&quot;nav-link&quot;
              href=&quot;#terms&quot;
            &gt;
              Terms
            &lt;/a&gt;
          &lt;/nav&gt;
        &lt;/div&gt;
      &lt;/footer&gt;
    &lt;/div&gt;
  &lt;/div&gt;
&lt;/body&gt;
    at Object.getElementError (/home/kavia/workspace/code-generation/games-user-interface-development-223073-223083/games_frontend/node_modules/@testing-library/dom/dist/config.js:37:19)
    at getElementError (/home/kavia/workspace/code-generation/games-user-interface-development-223073-223083/games_frontend/node_modules/@testing-library/dom/dist/query-helpers.js:20:35)
    at getMultipleElementsFoundError (/home/kavia/workspace/code-generation/games-user-interface-development-223073-223083/games_frontend/node_modules/@testing-library/dom/dist/query-helpers.js:23:10)
    at /home/kavia/workspace/code-generation/games-user-interface-development-223073-223083/games_frontend/node_modules/@testing-library/dom/dist/query-helpers.js:55:13
    at getByText (/home/kavia/workspace/code-generation/games-user-interface-development-223073-223083/games_frontend/node_modules/@testing-library/dom/dist/query-helpers.js:95:19)
    at Object.&lt;anonymous&gt; (/home/kavia/workspace/code-generation/games-user-interface-development-223073-223083/games_frontend/src/App.test.js:11:24)
    at Promise.then.completed (/home/kavia/workspace/code-generation/games-user-interface-development-223073-223083/games_frontend/node_modules/jest-circus/build/utils.js:391:28)
    at new Promise (&lt;anonymous&gt;)
    at callAsyncCircusFn (/home/kavia/workspace/code-generation/games-user-interface-development-223073-223083/games_frontend/node_modules/jest-circus/build/utils.js:316:10)
    at _callCircusTest (/home/kavia/workspace/code-generation/games-user-interface-development-223073-223083/games_frontend/node_modules/jest-circus/build/run.js:218:40)
    at processTicksAndRejections (node:internal/process/task_queues:95:5)
    at _runTest (/home/kavia/workspace/code-generation/games-user-interface-development-223073-223083/games_frontend/node_modules/jest-circus/build/run.js:155:3)
    at _runTestsForDescribeBlock (/home/kavia/workspace/code-generation/games-user-interface-development-223073-223083/games_frontend/node_modules/jest-circus/build/run.js:66:9)
    at run (/home/kavia/workspace/code-generation/games-user-interface-development-223073-223083/games_frontend/node_modules/jest-circus/build/run.js:25:3)
    at runAndTransformResultsToJestFormat (/home/kavia/workspace/code-generation/games-user-interface-development-223073-223083/games_frontend/node_modules/jest-circus/build/legacy-code-todo-rewrite/jestAdapterInit.js:170:21)
    at jestAdapter (/home/kavia/workspace/code-generation/games-user-interface-development-223073-223083/games_frontend/node_modules/jest-circus/build/legacy-code-todo-rewrite/jestAdapter.js:82:19)
    at runTestInternal (/home/kavia/workspace/code-generation/games-user-interface-development-223073-223083/games_frontend/node_modules/jest-runner/build/runTest.js:389:16)
    at runTest (/home/kavia/workspace/code-generation/games-user-interface-development-223073-223083/games_frontend/node_modules/jest-runner/build/runTest.js:475:34)
    at Object.worker (/home/kavia/workspace/code-generation/games-user-interface-development-223073-223083/games_frontend/node_modules/jest-runner/build/testWorker.js:133:12)</failure>
    </testcase>
  </testsuite>
  <testsuite name="Theme toggle" errors="0" failures="0" skipped="0" timestamp="2025-11-12T09:47:00" time="1.619" tests="2">
    <testcase classname="Theme toggle toggles theme and persists to localStorage" name="Theme toggle toggles theme and persists to localStorage" time="0.179">
    </testcase>
    <testcase classname="Theme toggle reads persisted theme from localStorage on mount" name="Theme toggle reads persisted theme from localStorage on mount" time="0.029">
    </testcase>
  </testsuite>
  <testsuite name="Home grid and search filter" errors="0" failures="0" skipped="0" timestamp="2025-11-12T09:47:00" time="1.683" tests="3">
    <testcase classname="Home grid and search filter renders game tiles after loading" name="Home grid and search filter renders game tiles after loading" time="0.169">
    </testcase>
    <testcase classname="Home grid and search filter filters games using SearchBar input" name="Home grid and search filter filters games using SearchBar input" time="0.057">
    </testcase>
    <testcase classname="Home grid and search filter category filter pills work together with search" name="Home grid and search filter category filter pills work together with search" time="0.061">
    </testcase>
  </testsuite>
  <testsuite name="Routing" errors="0" failures="0" skipped="0" timestamp="2025-11-12T09:47:00" time="1.678" tests="3">
    <testcase classname="Routing renders Home on root path &quot;/&quot;" name="Routing renders Home on root path &quot;/&quot;" time="0.161">
    </testcase>
    <testcase classname="Routing renders GameDetails shell on /games/:id" name="Routing renders GameDetails shell on /games/:id" time="0.113">
    </testcase>
    <testcase classname="Routing renders NotFound on unknown route" name="Routing renders NotFound on unknown route" time="0.028">
    </testcase>
  </testsuite>
</testsuites>